<?xml version="1.0" encoding="UTF-8"?>
<!-- Generated by org.testng.reporters.JUnitXMLReporter -->
<testsuite ignored="0" hostname="Santoshs-MacBook-Air.local" failures="0" tests="6" name="Default test" time="9.704" errors="0" timestamp="2024-11-17T16:58:00 IST">
  <testcase classname="api.test.DDTests" name="testPostuser" time="1.917"/>
  <testcase classname="api.test.DDTests" name="testPostuser" time="1.199"/>
  <testcase classname="api.test.DDTests" name="testPostuser" time="1.531"/>
  <testcase classname="api.test.DDTests" name="testDeleteUserByName" time="1.406"/>
  <testcase classname="api.test.DDTests" name="testDeleteUserByName" time="1.512"/>
  <testcase classname="api.test.DDTests" name="testDeleteUserByName" time="1.532"/>
</testsuite> <!-- Default test -->
