<?xml version="1.0" encoding="UTF-8"?>
<!-- Generated by org.testng.reporters.JUnitXMLReporter -->
<testsuite ignored="0" hostname="Santoshs-MacBook-Air.local" failures="0" tests="4" name="PetTests" time="10.166" errors="0" timestamp="2024-11-19T17:11:37 IST">
  <testcase classname="api.test.UserTests2" name="testPostUser" time="3.137"/>
  <testcase classname="api.test.UserTests2" name="testGetUserByName" time="1.524"/>
  <testcase classname="api.test.UserTests2" name="testUpdateUserByName" time="3.531"/>
  <testcase classname="api.test.UserTests2" name="testDeleteUserByName" time="1.631"/>
</testsuite> <!-- PetTests -->
