<?xml version="1.0" encoding="UTF-8"?>
<!-- Generated by org.testng.reporters.JUnitXMLReporter -->
<testsuite ignored="0" hostname="Santoshs-MacBook-Air.local" failures="0" tests="4" name="PetTests" time="8.659" errors="0" timestamp="2024-11-18T11:55:33 IST">
  <testcase classname="api.test.UserTests2" name="testPostUser" time="2.187"/>
  <testcase classname="api.test.UserTests2" name="testGetUserByName" time="1.589"/>
  <testcase classname="api.test.UserTests2" name="testUpdateUserByName" time="3.067"/>
  <testcase classname="api.test.UserTests2" name="testDeleteUserByName" time="1.436"/>
</testsuite> <!-- PetTests -->
